TRACE:server.py,131:server.Server.__init__:CALL *() **{}
TRACE:server.py,131:server.Server.__init__:RETURN None
TRACE:server.py,196:server.Server.run:CALL *() **{}
TRACE:server.py,182:server.Server.connect:CALL *(<server.Connection fd=612, family=AddressFamily.AF_INET, type=SocketKind.SOCK_STREAM, proto=0>,) **{}
TRACE:server.py,140:server.Server.handler:CALL *(<server.Connection fd=612, family=AddressFamily.AF_INET, type=SocketKind.SOCK_STREAM, proto=0>,) **{}
TRACE:server.py,171:server.Server.change_room:CALL *('guest', <server.Connection fd=612, family=AddressFamily.AF_INET, type=SocketKind.SOCK_STREAM, proto=0>) **{}
TRACE:server.py,157:server.Server.parse_client_command:CALL *({'cmd': 'rooms'}, <server.Connection fd=612, family=AddressFamily.AF_INET, type=SocketKind.SOCK_STREAM, proto=0>) **{}
TRACE:server.py,171:server.Server.change_room:RETURN None
TRACE:server.py,182:server.Server.connect:RETURN None
TRACE:server.py,157:server.Server.parse_client_command:RETURN True
TRACE:server.py,157:server.Server.parse_client_command:CALL *({'cmd': 'chroom', 'value': 'guest'}, <server.Connection fd=612, family=AddressFamily.AF_INET, type=SocketKind.SOCK_STREAM, proto=0>) **{}
TRACE:server.py,171:server.Server.change_room:CALL *('guest', <server.Connection fd=612, family=AddressFamily.AF_INET, type=SocketKind.SOCK_STREAM, proto=0>) **{}
TRACE:server.py,171:server.Server.change_room:RETURN None
TRACE:server.py,157:server.Server.parse_client_command:RETURN True
TRACE:server.py,157:server.Server.parse_client_command:CALL *({'cmd': 'chroom', 'value': 'proggers'}, <server.Connection fd=612, family=AddressFamily.AF_INET, type=SocketKind.SOCK_STREAM, proto=0>) **{}
TRACE:server.py,171:server.Server.change_room:CALL *('proggers', <server.Connection fd=612, family=AddressFamily.AF_INET, type=SocketKind.SOCK_STREAM, proto=0>) **{}
TRACE:server.py,171:server.Server.change_room:RETURN None
TRACE:server.py,157:server.Server.parse_client_command:RETURN True
TRACE:server.py,157:server.Server.parse_client_command:CALL *({'cmd': 'chroom', 'value': 'russian'}, <server.Connection fd=612, family=AddressFamily.AF_INET, type=SocketKind.SOCK_STREAM, proto=0>) **{}
TRACE:server.py,171:server.Server.change_room:CALL *('russian', <server.Connection fd=612, family=AddressFamily.AF_INET, type=SocketKind.SOCK_STREAM, proto=0>) **{}
TRACE:server.py,171:server.Server.change_room:RETURN None
TRACE:server.py,157:server.Server.parse_client_command:RETURN True
TRACE:server.py,157:server.Server.parse_client_command:CALL *({'cmd': 'chroom', 'value': 'pole'}, <server.Connection fd=612, family=AddressFamily.AF_INET, type=SocketKind.SOCK_STREAM, proto=0>) **{}
TRACE:server.py,171:server.Server.change_room:CALL *('pole', <server.Connection fd=612, family=AddressFamily.AF_INET, type=SocketKind.SOCK_STREAM, proto=0>) **{}
TRACE:server.py,171:server.Server.change_room:RETURN None
TRACE:server.py,157:server.Server.parse_client_command:RETURN True
TRACE:server.py,157:server.Server.parse_client_command:CALL *({'cmd': 'chroom', 'value': 'pole'}, <server.Connection fd=612, family=AddressFamily.AF_INET, type=SocketKind.SOCK_STREAM, proto=0>) **{}
TRACE:server.py,171:server.Server.change_room:CALL *('pole', <server.Connection fd=612, family=AddressFamily.AF_INET, type=SocketKind.SOCK_STREAM, proto=0>) **{}
TRACE:server.py,171:server.Server.change_room:RETURN None
TRACE:server.py,157:server.Server.parse_client_command:RETURN True
TRACE:server.py,157:server.Server.parse_client_command:CALL *({'cmd': 'chroom', 'value': 'pole'}, <server.Connection fd=612, family=AddressFamily.AF_INET, type=SocketKind.SOCK_STREAM, proto=0>) **{}
TRACE:server.py,171:server.Server.change_room:CALL *('pole', <server.Connection fd=612, family=AddressFamily.AF_INET, type=SocketKind.SOCK_STREAM, proto=0>) **{}
TRACE:server.py,171:server.Server.change_room:RETURN None
TRACE:server.py,157:server.Server.parse_client_command:RETURN True
TRACE:server.py,157:server.Server.parse_client_command:CALL *({'cmd': 'chroom', 'value': 'pole'}, <server.Connection fd=612, family=AddressFamily.AF_INET, type=SocketKind.SOCK_STREAM, proto=0>) **{}
TRACE:server.py,171:server.Server.change_room:CALL *('pole', <server.Connection fd=612, family=AddressFamily.AF_INET, type=SocketKind.SOCK_STREAM, proto=0>) **{}
TRACE:server.py,171:server.Server.change_room:RETURN None
TRACE:server.py,157:server.Server.parse_client_command:RETURN True
TRACE:server.py,157:server.Server.parse_client_command:CALL *({'cmd': 'chroom', 'value': 'guest'}, <server.Connection fd=612, family=AddressFamily.AF_INET, type=SocketKind.SOCK_STREAM, proto=0>) **{}
TRACE:server.py,171:server.Server.change_room:CALL *('guest', <server.Connection fd=612, family=AddressFamily.AF_INET, type=SocketKind.SOCK_STREAM, proto=0>) **{}
TRACE:server.py,171:server.Server.change_room:RETURN None
TRACE:server.py,157:server.Server.parse_client_command:RETURN True
TRACE:server.py,140:server.Server.handler:RETURN None
TRACE:server.py,182:server.Server.connect:CALL *(<server.Connection fd=632, family=AddressFamily.AF_INET, type=SocketKind.SOCK_STREAM, proto=0>,) **{}
TRACE:server.py,140:server.Server.handler:CALL *(<server.Connection fd=632, family=AddressFamily.AF_INET, type=SocketKind.SOCK_STREAM, proto=0>,) **{}
TRACE:server.py,171:server.Server.change_room:CALL *('guest', <server.Connection fd=632, family=AddressFamily.AF_INET, type=SocketKind.SOCK_STREAM, proto=0>) **{}
TRACE:server.py,157:server.Server.parse_client_command:CALL *({'cmd': 'rooms'}, <server.Connection fd=632, family=AddressFamily.AF_INET, type=SocketKind.SOCK_STREAM, proto=0>) **{}
TRACE:server.py,171:server.Server.change_room:RETURN None
TRACE:server.py,182:server.Server.connect:RETURN None
TRACE:server.py,157:server.Server.parse_client_command:RETURN True
TRACE:server.py,182:server.Server.connect:CALL *(<server.Connection fd=676, family=AddressFamily.AF_INET, type=SocketKind.SOCK_STREAM, proto=0>,) **{}
TRACE:server.py,140:server.Server.handler:CALL *(<server.Connection fd=676, family=AddressFamily.AF_INET, type=SocketKind.SOCK_STREAM, proto=0>,) **{}
TRACE:server.py,171:server.Server.change_room:CALL *('guest', <server.Connection fd=676, family=AddressFamily.AF_INET, type=SocketKind.SOCK_STREAM, proto=0>) **{}
TRACE:server.py,157:server.Server.parse_client_command:CALL *({'cmd': 'rooms'}, <server.Connection fd=676, family=AddressFamily.AF_INET, type=SocketKind.SOCK_STREAM, proto=0>) **{}
TRACE:server.py,171:server.Server.change_room:RETURN None
TRACE:server.py,157:server.Server.parse_client_command:RETURN True
TRACE:server.py,182:server.Server.connect:RETURN None
TRACE:server.py,140:server.Server.handler:RETURN None
TRACE:server.py,140:server.Server.handler:RETURN None
TRACE:server.py,182:server.Server.connect:CALL *(<server.Connection fd=624, family=AddressFamily.AF_INET, type=SocketKind.SOCK_STREAM, proto=0>,) **{}
TRACE:server.py,140:server.Server.handler:CALL *(<server.Connection fd=624, family=AddressFamily.AF_INET, type=SocketKind.SOCK_STREAM, proto=0>,) **{}
TRACE:server.py,171:server.Server.change_room:CALL *('guest', <server.Connection fd=624, family=AddressFamily.AF_INET, type=SocketKind.SOCK_STREAM, proto=0>) **{}
TRACE:server.py,157:server.Server.parse_client_command:CALL *({'cmd': 'rooms'}, <server.Connection fd=624, family=AddressFamily.AF_INET, type=SocketKind.SOCK_STREAM, proto=0>) **{}
TRACE:server.py,171:server.Server.change_room:RETURN None
TRACE:server.py,182:server.Server.connect:RETURN None
TRACE:server.py,157:server.Server.parse_client_command:RETURN True
TRACE:server.py,182:server.Server.connect:CALL *(<server.Connection fd=612, family=AddressFamily.AF_INET, type=SocketKind.SOCK_STREAM, proto=0>,) **{}
TRACE:server.py,140:server.Server.handler:CALL *(<server.Connection fd=612, family=AddressFamily.AF_INET, type=SocketKind.SOCK_STREAM, proto=0>,) **{}
TRACE:server.py,171:server.Server.change_room:CALL *('guest', <server.Connection fd=612, family=AddressFamily.AF_INET, type=SocketKind.SOCK_STREAM, proto=0>) **{}
TRACE:server.py,157:server.Server.parse_client_command:CALL *({'cmd': 'rooms'}, <server.Connection fd=612, family=AddressFamily.AF_INET, type=SocketKind.SOCK_STREAM, proto=0>) **{}
TRACE:server.py,171:server.Server.change_room:RETURN None
TRACE:server.py,182:server.Server.connect:RETURN None
TRACE:server.py,157:server.Server.parse_client_command:RETURN True
TRACE:server.py,157:server.Server.parse_client_command:CALL *({'data': '{"nickname": "nagibator228", "msg": "hello"}', 'sign': 'IRIYTQFykqSq0Dyp8L3CLOQK5yg/FGS8D/Rom/HNbE4ucffomcBq5+yh0i4V410QKl8jS9stVlvtta35Z9e9/teY4fZVQAf7KqdHmoWRxYwLnTUl4GoPWbcDgmEvos43A20uaCxxQmmbv4Bxo70cmbdj8kuyJ189Fc/v3AhXfb0=', 'rsa': '-----BEGIN PUBLIC KEY-----\nMIGfMA0GCSqGSIb3DQEBAQUAA4GNADCBiQKBgQClRJDPhGFXFrqLBA6pT652LqZ5\nbCKz0pwr0GPunFsEWXhJ4i+jENiIKf03fmpSoStuXdkubevpdIdP1ulLrmCiaOeV\nR/Lu1Jb/ccCi3WxmZEEgwJjtouZTSaWpXDRH+43mb80VA9FoErm9BYIMDm2XhAPx\nngH95hN4pXZKcEaUMwIDAQAB\n-----END PUBLIC KEY-----'}, <server.Connection fd=624, family=AddressFamily.AF_INET, type=SocketKind.SOCK_STREAM, proto=0>) **{}
TRACE:server.py,157:server.Server.parse_client_command:RETURN False
TRACE:server.py,157:server.Server.parse_client_command:CALL *({'data': '{"nickname": "nagibator2281", "msg": "jhfsdjbsjkd"}', 'sign': 'KQkU8XQvE2T564fJZnn7n/eFhAPgGondPof0b8kmmkZu5dPvXmPgJKFNpE7xvMis//ScZL5ioNHMCl4PwV8QjR14kTa+ALkOM1ahrC7neyoMbs76iLlW6tPIOBtpuCjqNOWRn3xC4LTbDL0HjLB8gaPyp3lVFzzx2BraJ8XELj0=', 'rsa': '-----BEGIN PUBLIC KEY-----\nMIGfMA0GCSqGSIb3DQEBAQUAA4GNADCBiQKBgQClRJDPhGFXFrqLBA6pT652LqZ5\nbCKz0pwr0GPunFsEWXhJ4i+jENiIKf03fmpSoStuXdkubevpdIdP1ulLrmCiaOeV\nR/Lu1Jb/ccCi3WxmZEEgwJjtouZTSaWpXDRH+43mb80VA9FoErm9BYIMDm2XhAPx\nngH95hN4pXZKcEaUMwIDAQAB\n-----END PUBLIC KEY-----'}, <server.Connection fd=612, family=AddressFamily.AF_INET, type=SocketKind.SOCK_STREAM, proto=0>) **{}
TRACE:server.py,157:server.Server.parse_client_command:RETURN False
TRACE:server.py,157:server.Server.parse_client_command:CALL *({'data': '{"nickname": "nagibator228", "msg": "jsbdfjbfs"}', 'sign': 'A0j2jjKJijNR+3xJQf2ffoXgLkYrBv4UDiJGjEbb8PVmHSWmAgHtcjQclyfaW3k2frAs7oN/RzI4o2dvxHUjrZbb3Q5dG3vJ1pj2baFLZByoZB4hlrXslOkTkSjdtAbGNAQiWJEzjkCDFQt6AXUXmW+Ny2E3yKfB/R5XeLDygzU=', 'rsa': '-----BEGIN PUBLIC KEY-----\nMIGfMA0GCSqGSIb3DQEBAQUAA4GNADCBiQKBgQClRJDPhGFXFrqLBA6pT652LqZ5\nbCKz0pwr0GPunFsEWXhJ4i+jENiIKf03fmpSoStuXdkubevpdIdP1ulLrmCiaOeV\nR/Lu1Jb/ccCi3WxmZEEgwJjtouZTSaWpXDRH+43mb80VA9FoErm9BYIMDm2XhAPx\nngH95hN4pXZKcEaUMwIDAQAB\n-----END PUBLIC KEY-----'}, <server.Connection fd=624, family=AddressFamily.AF_INET, type=SocketKind.SOCK_STREAM, proto=0>) **{}
TRACE:server.py,157:server.Server.parse_client_command:RETURN False
TRACE:server.py,140:server.Server.handler:RETURN None
TRACE:server.py,140:server.Server.handler:RETURN None
TRACE:server.py,182:server.Server.connect:CALL *(<server.Connection fd=432, family=AddressFamily.AF_INET, type=SocketKind.SOCK_STREAM, proto=0>,) **{}
TRACE:server.py,140:server.Server.handler:CALL *(<server.Connection fd=432, family=AddressFamily.AF_INET, type=SocketKind.SOCK_STREAM, proto=0>,) **{}
TRACE:server.py,171:server.Server.change_room:CALL *('guest', <server.Connection fd=432, family=AddressFamily.AF_INET, type=SocketKind.SOCK_STREAM, proto=0>) **{}
TRACE:server.py,157:server.Server.parse_client_command:CALL *({'cmd': 'rooms'}, <server.Connection fd=432, family=AddressFamily.AF_INET, type=SocketKind.SOCK_STREAM, proto=0>) **{}
TRACE:server.py,171:server.Server.change_room:RETURN None
TRACE:server.py,182:server.Server.connect:RETURN None
TRACE:server.py,157:server.Server.parse_client_command:RETURN True
TRACE:server.py,157:server.Server.parse_client_command:CALL *({'cmd': 'chroom', 'value': 'guest'}, <server.Connection fd=432, family=AddressFamily.AF_INET, type=SocketKind.SOCK_STREAM, proto=0>) **{}
TRACE:server.py,171:server.Server.change_room:CALL *('guest', <server.Connection fd=432, family=AddressFamily.AF_INET, type=SocketKind.SOCK_STREAM, proto=0>) **{}
TRACE:server.py,171:server.Server.change_room:RETURN None
TRACE:server.py,157:server.Server.parse_client_command:RETURN True
TRACE:server.py,182:server.Server.connect:CALL *(<server.Connection fd=648, family=AddressFamily.AF_INET, type=SocketKind.SOCK_STREAM, proto=0>,) **{}
TRACE:server.py,140:server.Server.handler:CALL *(<server.Connection fd=648, family=AddressFamily.AF_INET, type=SocketKind.SOCK_STREAM, proto=0>,) **{}
TRACE:server.py,171:server.Server.change_room:CALL *('guest', <server.Connection fd=648, family=AddressFamily.AF_INET, type=SocketKind.SOCK_STREAM, proto=0>) **{}
TRACE:server.py,157:server.Server.parse_client_command:CALL *({'cmd': 'rooms'}, <server.Connection fd=648, family=AddressFamily.AF_INET, type=SocketKind.SOCK_STREAM, proto=0>) **{}
TRACE:server.py,157:server.Server.parse_client_command:RETURN True
TRACE:server.py,171:server.Server.change_room:RETURN None
TRACE:server.py,182:server.Server.connect:RETURN None
TRACE:server.py,140:server.Server.handler:RETURN None
TRACE:server.py,140:server.Server.handler:RETURN None
TRACE:server.py,182:server.Server.connect:CALL *(<server.Connection fd=672, family=AddressFamily.AF_INET, type=SocketKind.SOCK_STREAM, proto=0>,) **{}
TRACE:server.py,140:server.Server.handler:CALL *(<server.Connection fd=672, family=AddressFamily.AF_INET, type=SocketKind.SOCK_STREAM, proto=0>,) **{}
TRACE:server.py,171:server.Server.change_room:CALL *('guest', <server.Connection fd=672, family=AddressFamily.AF_INET, type=SocketKind.SOCK_STREAM, proto=0>) **{}
TRACE:server.py,157:server.Server.parse_client_command:CALL *({'cmd': 'rooms'}, <server.Connection fd=672, family=AddressFamily.AF_INET, type=SocketKind.SOCK_STREAM, proto=0>) **{}
TRACE:server.py,171:server.Server.change_room:RETURN None
TRACE:server.py,182:server.Server.connect:RETURN None
TRACE:server.py,157:server.Server.parse_client_command:RETURN True
TRACE:server.py,157:server.Server.parse_client_command:CALL *({'cmd': 'chroom', 'value': 'guest'}, <server.Connection fd=672, family=AddressFamily.AF_INET, type=SocketKind.SOCK_STREAM, proto=0>) **{}
TRACE:server.py,171:server.Server.change_room:CALL *('guest', <server.Connection fd=672, family=AddressFamily.AF_INET, type=SocketKind.SOCK_STREAM, proto=0>) **{}
TRACE:server.py,171:server.Server.change_room:RETURN None
TRACE:server.py,157:server.Server.parse_client_command:RETURN True
TRACE:server.py,182:server.Server.connect:CALL *(<server.Connection fd=724, family=AddressFamily.AF_INET, type=SocketKind.SOCK_STREAM, proto=0>,) **{}
TRACE:server.py,140:server.Server.handler:CALL *(<server.Connection fd=724, family=AddressFamily.AF_INET, type=SocketKind.SOCK_STREAM, proto=0>,) **{}
TRACE:server.py,171:server.Server.change_room:CALL *('guest', <server.Connection fd=724, family=AddressFamily.AF_INET, type=SocketKind.SOCK_STREAM, proto=0>) **{}
TRACE:server.py,157:server.Server.parse_client_command:CALL *({'cmd': 'rooms'}, <server.Connection fd=724, family=AddressFamily.AF_INET, type=SocketKind.SOCK_STREAM, proto=0>) **{}
TRACE:server.py,171:server.Server.change_room:RETURN None
TRACE:server.py,157:server.Server.parse_client_command:RETURN True
TRACE:server.py,182:server.Server.connect:RETURN None
TRACE:server.py,157:server.Server.parse_client_command:CALL *({'data': '{"nickname": "nagibator228", "msg": "hello", "chat": "guest"}', 'sign': 'SJNrg+Wte17gKqd7WyIuJL7KsBDzaJiZPVS5+fjhVMHH+11JfbLTrF/5AjxzYzmt0t7MbSWe/sO8cbMnutbkMj3ZixTIMRFOBZyZaQVoMcCfPeGXF+VNtleuvrvFzq6s/71znXNLdo1llRlAlawBjcOvbepKz/FP1DyLKtdXnmM=', 'rsa': '-----BEGIN PUBLIC KEY-----\nMIGfMA0GCSqGSIb3DQEBAQUAA4GNADCBiQKBgQClRJDPhGFXFrqLBA6pT652LqZ5\nbCKz0pwr0GPunFsEWXhJ4i+jENiIKf03fmpSoStuXdkubevpdIdP1ulLrmCiaOeV\nR/Lu1Jb/ccCi3WxmZEEgwJjtouZTSaWpXDRH+43mb80VA9FoErm9BYIMDm2XhAPx\nngH95hN4pXZKcEaUMwIDAQAB\n-----END PUBLIC KEY-----'}, <server.Connection fd=672, family=AddressFamily.AF_INET, type=SocketKind.SOCK_STREAM, proto=0>) **{}
TRACE:server.py,157:server.Server.parse_client_command:RETURN False
TRACE:server.py,140:server.Server.handler:RETURN None
TRACE:server.py,140:server.Server.handler:RETURN None
TRACE:server.py,182:server.Server.connect:CALL *(<server.Connection fd=608, family=AddressFamily.AF_INET, type=SocketKind.SOCK_STREAM, proto=0>,) **{}
TRACE:server.py,140:server.Server.handler:CALL *(<server.Connection fd=608, family=AddressFamily.AF_INET, type=SocketKind.SOCK_STREAM, proto=0>,) **{}
TRACE:server.py,171:server.Server.change_room:CALL *('guest', <server.Connection fd=608, family=AddressFamily.AF_INET, type=SocketKind.SOCK_STREAM, proto=0>) **{}
TRACE:server.py,157:server.Server.parse_client_command:CALL *({'cmd': 'rooms'}, <server.Connection fd=608, family=AddressFamily.AF_INET, type=SocketKind.SOCK_STREAM, proto=0>) **{}
TRACE:server.py,171:server.Server.change_room:RETURN None
TRACE:server.py,182:server.Server.connect:RETURN None
TRACE:server.py,157:server.Server.parse_client_command:RETURN True
TRACE:server.py,157:server.Server.parse_client_command:CALL *({'cmd': 'chroom', 'value': 'guest'}, <server.Connection fd=608, family=AddressFamily.AF_INET, type=SocketKind.SOCK_STREAM, proto=0>) **{}
TRACE:server.py,171:server.Server.change_room:CALL *('guest', <server.Connection fd=608, family=AddressFamily.AF_INET, type=SocketKind.SOCK_STREAM, proto=0>) **{}
TRACE:server.py,171:server.Server.change_room:RETURN None
TRACE:server.py,157:server.Server.parse_client_command:RETURN True
TRACE:server.py,182:server.Server.connect:CALL *(<server.Connection fd=656, family=AddressFamily.AF_INET, type=SocketKind.SOCK_STREAM, proto=0>,) **{}
TRACE:server.py,140:server.Server.handler:CALL *(<server.Connection fd=656, family=AddressFamily.AF_INET, type=SocketKind.SOCK_STREAM, proto=0>,) **{}
TRACE:server.py,171:server.Server.change_room:CALL *('guest', <server.Connection fd=656, family=AddressFamily.AF_INET, type=SocketKind.SOCK_STREAM, proto=0>) **{}
TRACE:server.py,157:server.Server.parse_client_command:CALL *({'cmd': 'rooms'}, <server.Connection fd=656, family=AddressFamily.AF_INET, type=SocketKind.SOCK_STREAM, proto=0>) **{}
TRACE:server.py,157:server.Server.parse_client_command:RETURN True
TRACE:server.py,171:server.Server.change_room:RETURN None
TRACE:server.py,182:server.Server.connect:RETURN None
TRACE:server.py,157:server.Server.parse_client_command:CALL *({'cmd': 'chroom', 'value': 'guest'}, <server.Connection fd=656, family=AddressFamily.AF_INET, type=SocketKind.SOCK_STREAM, proto=0>) **{}
TRACE:server.py,171:server.Server.change_room:CALL *('guest', <server.Connection fd=656, family=AddressFamily.AF_INET, type=SocketKind.SOCK_STREAM, proto=0>) **{}
TRACE:server.py,171:server.Server.change_room:RETURN None
TRACE:server.py,157:server.Server.parse_client_command:RETURN True
TRACE:server.py,157:server.Server.parse_client_command:CALL *({'data': '{"nickname": "nagibator228", "msg": "hello", "chat": "guest"}', 'sign': 'SJNrg+Wte17gKqd7WyIuJL7KsBDzaJiZPVS5+fjhVMHH+11JfbLTrF/5AjxzYzmt0t7MbSWe/sO8cbMnutbkMj3ZixTIMRFOBZyZaQVoMcCfPeGXF+VNtleuvrvFzq6s/71znXNLdo1llRlAlawBjcOvbepKz/FP1DyLKtdXnmM=', 'rsa': '-----BEGIN PUBLIC KEY-----\nMIGfMA0GCSqGSIb3DQEBAQUAA4GNADCBiQKBgQClRJDPhGFXFrqLBA6pT652LqZ5\nbCKz0pwr0GPunFsEWXhJ4i+jENiIKf03fmpSoStuXdkubevpdIdP1ulLrmCiaOeV\nR/Lu1Jb/ccCi3WxmZEEgwJjtouZTSaWpXDRH+43mb80VA9FoErm9BYIMDm2XhAPx\nngH95hN4pXZKcEaUMwIDAQAB\n-----END PUBLIC KEY-----'}, <server.Connection fd=608, family=AddressFamily.AF_INET, type=SocketKind.SOCK_STREAM, proto=0>) **{}
TRACE:server.py,157:server.Server.parse_client_command:RETURN False
TRACE:server.py,140:server.Server.handler:RETURN None
TRACE:server.py,140:server.Server.handler:RETURN None
TRACE:server.py,182:server.Server.connect:CALL *(<server.Connection fd=752, family=AddressFamily.AF_INET, type=SocketKind.SOCK_STREAM, proto=0>,) **{}
TRACE:server.py,140:server.Server.handler:CALL *(<server.Connection fd=752, family=AddressFamily.AF_INET, type=SocketKind.SOCK_STREAM, proto=0>,) **{}
TRACE:server.py,171:server.Server.change_room:CALL *('guest', <server.Connection fd=752, family=AddressFamily.AF_INET, type=SocketKind.SOCK_STREAM, proto=0>) **{}
TRACE:server.py,157:server.Server.parse_client_command:CALL *({'cmd': 'rooms'}, <server.Connection fd=752, family=AddressFamily.AF_INET, type=SocketKind.SOCK_STREAM, proto=0>) **{}
TRACE:server.py,171:server.Server.change_room:RETURN None
TRACE:server.py,182:server.Server.connect:RETURN None
TRACE:server.py,157:server.Server.parse_client_command:RETURN True
TRACE:server.py,157:server.Server.parse_client_command:CALL *({'cmd': 'chroom', 'value': 'guest'}, <server.Connection fd=752, family=AddressFamily.AF_INET, type=SocketKind.SOCK_STREAM, proto=0>) **{}
TRACE:server.py,171:server.Server.change_room:CALL *('guest', <server.Connection fd=752, family=AddressFamily.AF_INET, type=SocketKind.SOCK_STREAM, proto=0>) **{}
TRACE:server.py,171:server.Server.change_room:RETURN None
TRACE:server.py,157:server.Server.parse_client_command:RETURN True
TRACE:server.py,182:server.Server.connect:CALL *(<server.Connection fd=708, family=AddressFamily.AF_INET, type=SocketKind.SOCK_STREAM, proto=0>,) **{}
TRACE:server.py,140:server.Server.handler:CALL *(<server.Connection fd=708, family=AddressFamily.AF_INET, type=SocketKind.SOCK_STREAM, proto=0>,) **{}
TRACE:server.py,171:server.Server.change_room:CALL *('guest', <server.Connection fd=708, family=AddressFamily.AF_INET, type=SocketKind.SOCK_STREAM, proto=0>) **{}
TRACE:server.py,157:server.Server.parse_client_command:CALL *({'cmd': 'rooms'}, <server.Connection fd=708, family=AddressFamily.AF_INET, type=SocketKind.SOCK_STREAM, proto=0>) **{}
TRACE:server.py,157:server.Server.parse_client_command:RETURN True
TRACE:server.py,171:server.Server.change_room:RETURN None
TRACE:server.py,182:server.Server.connect:RETURN None
TRACE:server.py,157:server.Server.parse_client_command:CALL *({'cmd': 'chroom', 'value': 'guest'}, <server.Connection fd=708, family=AddressFamily.AF_INET, type=SocketKind.SOCK_STREAM, proto=0>) **{}
TRACE:server.py,171:server.Server.change_room:CALL *('guest', <server.Connection fd=708, family=AddressFamily.AF_INET, type=SocketKind.SOCK_STREAM, proto=0>) **{}
TRACE:server.py,171:server.Server.change_room:RETURN None
TRACE:server.py,157:server.Server.parse_client_command:RETURN True
TRACE:server.py,157:server.Server.parse_client_command:CALL *({'data': '{"nickname": "nagibator228", "msg": "hello", "chat": "guest"}', 'sign': 'SJNrg+Wte17gKqd7WyIuJL7KsBDzaJiZPVS5+fjhVMHH+11JfbLTrF/5AjxzYzmt0t7MbSWe/sO8cbMnutbkMj3ZixTIMRFOBZyZaQVoMcCfPeGXF+VNtleuvrvFzq6s/71znXNLdo1llRlAlawBjcOvbepKz/FP1DyLKtdXnmM=', 'rsa': '-----BEGIN PUBLIC KEY-----\nMIGfMA0GCSqGSIb3DQEBAQUAA4GNADCBiQKBgQClRJDPhGFXFrqLBA6pT652LqZ5\nbCKz0pwr0GPunFsEWXhJ4i+jENiIKf03fmpSoStuXdkubevpdIdP1ulLrmCiaOeV\nR/Lu1Jb/ccCi3WxmZEEgwJjtouZTSaWpXDRH+43mb80VA9FoErm9BYIMDm2XhAPx\nngH95hN4pXZKcEaUMwIDAQAB\n-----END PUBLIC KEY-----'}, <server.Connection fd=752, family=AddressFamily.AF_INET, type=SocketKind.SOCK_STREAM, proto=0>) **{}
TRACE:server.py,157:server.Server.parse_client_command:RETURN False
TRACE:server.py,140:server.Server.handler:RETURN None
TRACE:server.py,140:server.Server.handler:RETURN None
TRACE:server.py,182:server.Server.connect:CALL *(<server.Connection fd=692, family=AddressFamily.AF_INET, type=SocketKind.SOCK_STREAM, proto=0>,) **{}
TRACE:server.py,140:server.Server.handler:CALL *(<server.Connection fd=692, family=AddressFamily.AF_INET, type=SocketKind.SOCK_STREAM, proto=0>,) **{}
TRACE:server.py,171:server.Server.change_room:CALL *('guest', <server.Connection fd=692, family=AddressFamily.AF_INET, type=SocketKind.SOCK_STREAM, proto=0>) **{}
TRACE:server.py,157:server.Server.parse_client_command:CALL *({'cmd': 'rooms'}, <server.Connection fd=692, family=AddressFamily.AF_INET, type=SocketKind.SOCK_STREAM, proto=0>) **{}
TRACE:server.py,171:server.Server.change_room:RETURN None
TRACE:server.py,182:server.Server.connect:RETURN None
TRACE:server.py,157:server.Server.parse_client_command:RETURN True
TRACE:server.py,140:server.Server.handler:RETURN None
TRACE:server.py,182:server.Server.connect:CALL *(<server.Connection fd=632, family=AddressFamily.AF_INET, type=SocketKind.SOCK_STREAM, proto=0>,) **{}
TRACE:server.py,140:server.Server.handler:CALL *(<server.Connection fd=632, family=AddressFamily.AF_INET, type=SocketKind.SOCK_STREAM, proto=0>,) **{}
TRACE:server.py,171:server.Server.change_room:CALL *('guest', <server.Connection fd=632, family=AddressFamily.AF_INET, type=SocketKind.SOCK_STREAM, proto=0>) **{}
TRACE:server.py,157:server.Server.parse_client_command:CALL *({'cmd': 'rooms'}, <server.Connection fd=632, family=AddressFamily.AF_INET, type=SocketKind.SOCK_STREAM, proto=0>) **{}
TRACE:server.py,171:server.Server.change_room:RETURN None
TRACE:server.py,182:server.Server.connect:RETURN None
TRACE:server.py,157:server.Server.parse_client_command:RETURN True
TRACE:server.py,157:server.Server.parse_client_command:CALL *({'cmd': 'chroom', 'value': 'guest'}, <server.Connection fd=632, family=AddressFamily.AF_INET, type=SocketKind.SOCK_STREAM, proto=0>) **{}
TRACE:server.py,171:server.Server.change_room:CALL *('guest', <server.Connection fd=632, family=AddressFamily.AF_INET, type=SocketKind.SOCK_STREAM, proto=0>) **{}
TRACE:server.py,171:server.Server.change_room:RETURN None
TRACE:server.py,157:server.Server.parse_client_command:RETURN True
TRACE:server.py,182:server.Server.connect:CALL *(<server.Connection fd=780, family=AddressFamily.AF_INET, type=SocketKind.SOCK_STREAM, proto=0>,) **{}
TRACE:server.py,140:server.Server.handler:CALL *(<server.Connection fd=780, family=AddressFamily.AF_INET, type=SocketKind.SOCK_STREAM, proto=0>,) **{}
TRACE:server.py,171:server.Server.change_room:CALL *('guest', <server.Connection fd=780, family=AddressFamily.AF_INET, type=SocketKind.SOCK_STREAM, proto=0>) **{}
TRACE:server.py,157:server.Server.parse_client_command:CALL *({'cmd': 'rooms'}, <server.Connection fd=780, family=AddressFamily.AF_INET, type=SocketKind.SOCK_STREAM, proto=0>) **{}
TRACE:server.py,171:server.Server.change_room:RETURN None
TRACE:server.py,157:server.Server.parse_client_command:RETURN True
TRACE:server.py,182:server.Server.connect:RETURN None
TRACE:server.py,157:server.Server.parse_client_command:CALL *({'cmd': 'chroom', 'value': 'guest'}, <server.Connection fd=780, family=AddressFamily.AF_INET, type=SocketKind.SOCK_STREAM, proto=0>) **{}
TRACE:server.py,171:server.Server.change_room:CALL *('guest', <server.Connection fd=780, family=AddressFamily.AF_INET, type=SocketKind.SOCK_STREAM, proto=0>) **{}
TRACE:server.py,171:server.Server.change_room:RETURN None
TRACE:server.py,157:server.Server.parse_client_command:RETURN True
TRACE:server.py,157:server.Server.parse_client_command:CALL *({'data': '{"nickname": "nagibator228", "msg": "hello", "chat": "guest"}', 'sign': 'SJNrg+Wte17gKqd7WyIuJL7KsBDzaJiZPVS5+fjhVMHH+11JfbLTrF/5AjxzYzmt0t7MbSWe/sO8cbMnutbkMj3ZixTIMRFOBZyZaQVoMcCfPeGXF+VNtleuvrvFzq6s/71znXNLdo1llRlAlawBjcOvbepKz/FP1DyLKtdXnmM=', 'rsa': '-----BEGIN PUBLIC KEY-----\nMIGfMA0GCSqGSIb3DQEBAQUAA4GNADCBiQKBgQClRJDPhGFXFrqLBA6pT652LqZ5\nbCKz0pwr0GPunFsEWXhJ4i+jENiIKf03fmpSoStuXdkubevpdIdP1ulLrmCiaOeV\nR/Lu1Jb/ccCi3WxmZEEgwJjtouZTSaWpXDRH+43mb80VA9FoErm9BYIMDm2XhAPx\nngH95hN4pXZKcEaUMwIDAQAB\n-----END PUBLIC KEY-----'}, <server.Connection fd=632, family=AddressFamily.AF_INET, type=SocketKind.SOCK_STREAM, proto=0>) **{}
TRACE:server.py,157:server.Server.parse_client_command:RETURN False
TRACE:server.py,157:server.Server.parse_client_command:CALL *({'data': '{"nickname": "nagibator2281", "msg": "hi", "chat": "guest"}', 'sign': 'D9D1r3PFkbHRbjdp2z4Fe/LMCnDG5urd9XxxL2NKPnMO48UtpLc5n+08oJQ21Y+VqumSoCCq1dMLErhKNuzCjGYN+72+iP+kTQrB+sbo0uEENemgwswoxa9Lbt6rwFQR6ZJ1K/jOWejIzi94BLme0TRdjYQI6d3HSN3kl4pYPVA=', 'rsa': '-----BEGIN PUBLIC KEY-----\nMIGfMA0GCSqGSIb3DQEBAQUAA4GNADCBiQKBgQClRJDPhGFXFrqLBA6pT652LqZ5\nbCKz0pwr0GPunFsEWXhJ4i+jENiIKf03fmpSoStuXdkubevpdIdP1ulLrmCiaOeV\nR/Lu1Jb/ccCi3WxmZEEgwJjtouZTSaWpXDRH+43mb80VA9FoErm9BYIMDm2XhAPx\nngH95hN4pXZKcEaUMwIDAQAB\n-----END PUBLIC KEY-----'}, <server.Connection fd=780, family=AddressFamily.AF_INET, type=SocketKind.SOCK_STREAM, proto=0>) **{}
TRACE:server.py,157:server.Server.parse_client_command:RETURN False
TRACE:server.py,157:server.Server.parse_client_command:CALL *({'data': '{"nickname": "nagibator2281", "msg": "sosi pisos", "chat": "guest"}', 'sign': 'lhA3b2OwGJawlk83NCpQnKXsnN/ya8SIgKTvw9gI0HvkYhbhnLUvLfqFvPj+nD0T65GtRMDz1ZF5qQly8tquCuKZ0HKYTW3oLFVw1gCGac5QWlYnerLwBexn5pFimuIHI0q3FVUUB9u5nxmG6OH65CFb4B6KHPmtT3WN4Vjz+hc=', 'rsa': '-----BEGIN PUBLIC KEY-----\nMIGfMA0GCSqGSIb3DQEBAQUAA4GNADCBiQKBgQClRJDPhGFXFrqLBA6pT652LqZ5\nbCKz0pwr0GPunFsEWXhJ4i+jENiIKf03fmpSoStuXdkubevpdIdP1ulLrmCiaOeV\nR/Lu1Jb/ccCi3WxmZEEgwJjtouZTSaWpXDRH+43mb80VA9FoErm9BYIMDm2XhAPx\nngH95hN4pXZKcEaUMwIDAQAB\n-----END PUBLIC KEY-----'}, <server.Connection fd=780, family=AddressFamily.AF_INET, type=SocketKind.SOCK_STREAM, proto=0>) **{}
TRACE:server.py,157:server.Server.parse_client_command:RETURN False
TRACE:server.py,140:server.Server.handler:RETURN None
TRACE:server.py,140:server.Server.handler:RETURN None
TRACE:server.py,182:server.Server.connect:CALL *(<server.Connection fd=692, family=AddressFamily.AF_INET, type=SocketKind.SOCK_STREAM, proto=0>,) **{}
TRACE:server.py,140:server.Server.handler:CALL *(<server.Connection fd=692, family=AddressFamily.AF_INET, type=SocketKind.SOCK_STREAM, proto=0>,) **{}
TRACE:server.py,171:server.Server.change_room:CALL *('guest', <server.Connection fd=692, family=AddressFamily.AF_INET, type=SocketKind.SOCK_STREAM, proto=0>) **{}
TRACE:server.py,157:server.Server.parse_client_command:CALL *({'cmd': 'rooms'}, <server.Connection fd=692, family=AddressFamily.AF_INET, type=SocketKind.SOCK_STREAM, proto=0>) **{}
TRACE:server.py,171:server.Server.change_room:RETURN None
TRACE:server.py,182:server.Server.connect:RETURN None
TRACE:server.py,157:server.Server.parse_client_command:RETURN True
TRACE:server.py,157:server.Server.parse_client_command:CALL *({'cmd': 'chroom', 'value': 'guest'}, <server.Connection fd=692, family=AddressFamily.AF_INET, type=SocketKind.SOCK_STREAM, proto=0>) **{}
TRACE:server.py,171:server.Server.change_room:CALL *('guest', <server.Connection fd=692, family=AddressFamily.AF_INET, type=SocketKind.SOCK_STREAM, proto=0>) **{}
TRACE:server.py,171:server.Server.change_room:RETURN None
TRACE:server.py,157:server.Server.parse_client_command:RETURN True
TRACE:server.py,140:server.Server.handler:RETURN None
TRACE:server.py,182:server.Server.connect:CALL *(<server.Connection fd=640, family=AddressFamily.AF_INET, type=SocketKind.SOCK_STREAM, proto=0>,) **{}
TRACE:server.py,140:server.Server.handler:CALL *(<server.Connection fd=640, family=AddressFamily.AF_INET, type=SocketKind.SOCK_STREAM, proto=0>,) **{}
TRACE:server.py,171:server.Server.change_room:CALL *('guest', <server.Connection fd=640, family=AddressFamily.AF_INET, type=SocketKind.SOCK_STREAM, proto=0>) **{}
TRACE:server.py,157:server.Server.parse_client_command:CALL *({'cmd': 'rooms'}, <server.Connection fd=640, family=AddressFamily.AF_INET, type=SocketKind.SOCK_STREAM, proto=0>) **{}
TRACE:server.py,171:server.Server.change_room:RETURN None
TRACE:server.py,182:server.Server.connect:RETURN None
TRACE:server.py,157:server.Server.parse_client_command:RETURN True
TRACE:server.py,157:server.Server.parse_client_command:CALL *({'cmd': 'chroom', 'value': 'guest'}, <server.Connection fd=640, family=AddressFamily.AF_INET, type=SocketKind.SOCK_STREAM, proto=0>) **{}
TRACE:server.py,171:server.Server.change_room:CALL *('guest', <server.Connection fd=640, family=AddressFamily.AF_INET, type=SocketKind.SOCK_STREAM, proto=0>) **{}
TRACE:server.py,171:server.Server.change_room:RETURN None
TRACE:server.py,157:server.Server.parse_client_command:RETURN True
TRACE:server.py,157:server.Server.parse_client_command:CALL *({'cmd': 'chroom', 'value': 'proggers'}, <server.Connection fd=640, family=AddressFamily.AF_INET, type=SocketKind.SOCK_STREAM, proto=0>) **{}
TRACE:server.py,171:server.Server.change_room:CALL *('proggers', <server.Connection fd=640, family=AddressFamily.AF_INET, type=SocketKind.SOCK_STREAM, proto=0>) **{}
TRACE:server.py,171:server.Server.change_room:RETURN None
TRACE:server.py,157:server.Server.parse_client_command:RETURN True
TRACE:server.py,140:server.Server.handler:RETURN None
