TRACE:server.py,131:server.Server.__init__:CALL *() **{}
TRACE:server.py,131:server.Server.__init__:RETURN None
TRACE:server.py,196:server.Server.run:CALL *() **{}
TRACE:server.py,182:server.Server.connect:CALL *(<server.Connection fd=640, family=AddressFamily.AF_INET, type=SocketKind.SOCK_STREAM, proto=0>,) **{}
TRACE:server.py,140:server.Server.handler:CALL *(<server.Connection fd=640, family=AddressFamily.AF_INET, type=SocketKind.SOCK_STREAM, proto=0>,) **{}
TRACE:server.py,171:server.Server.change_room:CALL *('guest', <server.Connection fd=640, family=AddressFamily.AF_INET, type=SocketKind.SOCK_STREAM, proto=0>) **{}
TRACE:server.py,157:server.Server.parse_client_command:CALL *({'cmd': 'rooms'}, <server.Connection fd=640, family=AddressFamily.AF_INET, type=SocketKind.SOCK_STREAM, proto=0>) **{}
TRACE:server.py,171:server.Server.change_room:RETURN None
TRACE:server.py,182:server.Server.connect:RETURN None
TRACE:server.py,157:server.Server.parse_client_command:RETURN True
TRACE:server.py,182:server.Server.connect:CALL *(<server.Connection fd=680, family=AddressFamily.AF_INET, type=SocketKind.SOCK_STREAM, proto=0>,) **{}
TRACE:server.py,140:server.Server.handler:CALL *(<server.Connection fd=680, family=AddressFamily.AF_INET, type=SocketKind.SOCK_STREAM, proto=0>,) **{}
TRACE:server.py,171:server.Server.change_room:CALL *('guest', <server.Connection fd=680, family=AddressFamily.AF_INET, type=SocketKind.SOCK_STREAM, proto=0>) **{}
TRACE:server.py,157:server.Server.parse_client_command:CALL *({'cmd': 'rooms'}, <server.Connection fd=680, family=AddressFamily.AF_INET, type=SocketKind.SOCK_STREAM, proto=0>) **{}
TRACE:server.py,171:server.Server.change_room:RETURN None
TRACE:server.py,157:server.Server.parse_client_command:RETURN True
TRACE:server.py,182:server.Server.connect:RETURN None
TRACE:server.py,157:server.Server.parse_client_command:CALL *({'data': '{"nickname": "nagibator2281", "msg": "hello"}', 'sign': 'IHY2kK/W/YERSUbeYja5jEG1060m4D0/j/SAsBh6RmHTMr7svY5VyDGC1yR3MD0aMfsFHS91JXsb/YVfNJ6ZkDNNvJskchhjxssnyWYqRcgmV4uHtjYm0duYxzEy2VrHjOg9qymhlO8ETJAH8C+ihwmn7WOJDOkW/L7i1euR0dw=', 'rsa': '-----BEGIN PUBLIC KEY-----\nMIGfMA0GCSqGSIb3DQEBAQUAA4GNADCBiQKBgQCdTBPpikVki+iyu4AmV3akrP1r\nyI0QKKLpzkLmBOX1y6Q3f3V03OxNXvFhqnJO2v3Eop9oYTLtcL13xZk2xtAKL32C\nY1DghypMwfuF6zvmZJN+pZxTMNeETSTJsF6MmmoQz5Xta6bPcZ8Vaz3SeFilJ1kU\nVuydjpBlb/yEztvv+QIDAQAB\n-----END PUBLIC KEY-----'}, <server.Connection fd=680, family=AddressFamily.AF_INET, type=SocketKind.SOCK_STREAM, proto=0>) **{}
TRACE:server.py,157:server.Server.parse_client_command:RETURN False
TRACE:server.py,140:server.Server.handler:RETURN None
TRACE:server.py,140:server.Server.handler:RETURN None
