TRACE:server.py,128:server.Server.__init__:CALL *() **{}
TRACE:server.py,128:server.Server.__init__:RETURN None
TRACE:server.py,193:server.Server.run:CALL *() **{}
TRACE:server.py,179:server.Server.connect:CALL *(<server.Connection fd=572, family=AddressFamily.AF_INET, type=SocketKind.SOCK_STREAM, proto=0>,) **{}
TRACE:server.py,137:server.Server.handler:CALL *(<server.Connection fd=572, family=AddressFamily.AF_INET, type=SocketKind.SOCK_STREAM, proto=0>,) **{}
TRACE:server.py,168:server.Server.change_room:CALL *('guest', <server.Connection fd=572, family=AddressFamily.AF_INET, type=SocketKind.SOCK_STREAM, proto=0>) **{}
TRACE:server.py,154:server.Server.parse_client_command:CALL *({'cmd': 'rooms'}, <server.Connection fd=572, family=AddressFamily.AF_INET, type=SocketKind.SOCK_STREAM, proto=0>) **{}
TRACE:server.py,168:server.Server.change_room:RETURN None
TRACE:server.py,179:server.Server.connect:RETURN None
TRACE:server.py,154:server.Server.parse_client_command:RETURN True
TRACE:server.py,179:server.Server.connect:CALL *(<server.Connection fd=612, family=AddressFamily.AF_INET, type=SocketKind.SOCK_STREAM, proto=0>,) **{}
TRACE:server.py,137:server.Server.handler:CALL *(<server.Connection fd=612, family=AddressFamily.AF_INET, type=SocketKind.SOCK_STREAM, proto=0>,) **{}
TRACE:server.py,168:server.Server.change_room:CALL *('guest', <server.Connection fd=612, family=AddressFamily.AF_INET, type=SocketKind.SOCK_STREAM, proto=0>) **{}
TRACE:server.py,154:server.Server.parse_client_command:CALL *({'cmd': 'rooms'}, <server.Connection fd=612, family=AddressFamily.AF_INET, type=SocketKind.SOCK_STREAM, proto=0>) **{}
TRACE:server.py,168:server.Server.change_room:RETURN None
TRACE:server.py,154:server.Server.parse_client_command:RETURN True
TRACE:server.py,179:server.Server.connect:RETURN None
TRACE:server.py,154:server.Server.parse_client_command:CALL *({'cmd': 'chroom', 'value': 'guest'}, <server.Connection fd=572, family=AddressFamily.AF_INET, type=SocketKind.SOCK_STREAM, proto=0>) **{}
TRACE:server.py,168:server.Server.change_room:CALL *('guest', <server.Connection fd=572, family=AddressFamily.AF_INET, type=SocketKind.SOCK_STREAM, proto=0>) **{}
TRACE:server.py,168:server.Server.change_room:RETURN None
TRACE:server.py,154:server.Server.parse_client_command:RETURN True
TRACE:server.py,154:server.Server.parse_client_command:CALL *({'cmd': 'chroom', 'value': 'guest'}, <server.Connection fd=612, family=AddressFamily.AF_INET, type=SocketKind.SOCK_STREAM, proto=0>) **{}
TRACE:server.py,168:server.Server.change_room:CALL *('guest', <server.Connection fd=612, family=AddressFamily.AF_INET, type=SocketKind.SOCK_STREAM, proto=0>) **{}
TRACE:server.py,168:server.Server.change_room:RETURN None
TRACE:server.py,154:server.Server.parse_client_command:RETURN True
TRACE:server.py,137:server.Server.handler:RETURN None
TRACE:server.py,137:server.Server.handler:RETURN None
TRACE:server.py,179:server.Server.connect:CALL *(<server.Connection fd=600, family=AddressFamily.AF_INET, type=SocketKind.SOCK_STREAM, proto=0>,) **{}
TRACE:server.py,137:server.Server.handler:CALL *(<server.Connection fd=600, family=AddressFamily.AF_INET, type=SocketKind.SOCK_STREAM, proto=0>,) **{}
TRACE:server.py,168:server.Server.change_room:CALL *('guest', <server.Connection fd=600, family=AddressFamily.AF_INET, type=SocketKind.SOCK_STREAM, proto=0>) **{}
TRACE:server.py,154:server.Server.parse_client_command:CALL *({'cmd': 'rooms'}, <server.Connection fd=600, family=AddressFamily.AF_INET, type=SocketKind.SOCK_STREAM, proto=0>) **{}
TRACE:server.py,168:server.Server.change_room:RETURN None
TRACE:server.py,179:server.Server.connect:RETURN None
TRACE:server.py,154:server.Server.parse_client_command:RETURN True
TRACE:server.py,154:server.Server.parse_client_command:CALL *({'cmd': 'chroom', 'value': 'guest'}, <server.Connection fd=600, family=AddressFamily.AF_INET, type=SocketKind.SOCK_STREAM, proto=0>) **{}
TRACE:server.py,168:server.Server.change_room:CALL *('guest', <server.Connection fd=600, family=AddressFamily.AF_INET, type=SocketKind.SOCK_STREAM, proto=0>) **{}
TRACE:server.py,168:server.Server.change_room:RETURN None
TRACE:server.py,154:server.Server.parse_client_command:RETURN True
TRACE:server.py,179:server.Server.connect:CALL *(<server.Connection fd=568, family=AddressFamily.AF_INET, type=SocketKind.SOCK_STREAM, proto=0>,) **{}
TRACE:server.py,137:server.Server.handler:CALL *(<server.Connection fd=568, family=AddressFamily.AF_INET, type=SocketKind.SOCK_STREAM, proto=0>,) **{}
TRACE:server.py,168:server.Server.change_room:CALL *('guest', <server.Connection fd=568, family=AddressFamily.AF_INET, type=SocketKind.SOCK_STREAM, proto=0>) **{}
TRACE:server.py,154:server.Server.parse_client_command:CALL *({'cmd': 'rooms'}, <server.Connection fd=568, family=AddressFamily.AF_INET, type=SocketKind.SOCK_STREAM, proto=0>) **{}
TRACE:server.py,154:server.Server.parse_client_command:RETURN True
TRACE:server.py,168:server.Server.change_room:RETURN None
TRACE:server.py,179:server.Server.connect:RETURN None
TRACE:server.py,154:server.Server.parse_client_command:CALL *({'cmd': 'chroom', 'value': 'guest'}, <server.Connection fd=568, family=AddressFamily.AF_INET, type=SocketKind.SOCK_STREAM, proto=0>) **{}
TRACE:server.py,168:server.Server.change_room:CALL *('guest', <server.Connection fd=568, family=AddressFamily.AF_INET, type=SocketKind.SOCK_STREAM, proto=0>) **{}
TRACE:server.py,168:server.Server.change_room:RETURN None
TRACE:server.py,154:server.Server.parse_client_command:RETURN True
TRACE:server.py,154:server.Server.parse_client_command:CALL *({'data': '{"nickname": "nagibator2281", "msg": "hello", "chat": "guest", "time": "10:56:07", "date": "2019-07-22"}', 'sign': 'DSptNeoPZJR7JAbPZLdRQVrS+FrxT+5h8LVWpUFvdXtHvU6VvH7QuxgTmCXQncRaEsAe0QftRR2S4O+5AHjLxc5eYTmM2YCv8apC1b1dhyrSELZoBefwSG1hjLKsNw1+2+7ULQIwjLMSr9CFEeP5i+9gybDGBCv17TwRRBtLFD8=', 'rsa': '-----BEGIN PUBLIC KEY-----\nMIGfMA0GCSqGSIb3DQEBAQUAA4GNADCBiQKBgQCGWiNGGRdP9dwfBy7yWIsIMlFj\nkn3jzvkn2MOlm1C7XWuvndXJv/O37DaLqwGYJ3CtviQ/dYXLCk8wbgzrw4PIa8qM\nDysllq1ZZyvPn79QhFAcfgN7O6ttcea328J6yTiKsH+sfr11n2fQRJyx2KwhhtlL\n6YPPSW33EMuaecW1HwIDAQAB\n-----END PUBLIC KEY-----'}, <server.Connection fd=568, family=AddressFamily.AF_INET, type=SocketKind.SOCK_STREAM, proto=0>) **{}
TRACE:server.py,154:server.Server.parse_client_command:RETURN False
TRACE:server.py,137:server.Server.handler:RETURN None
